# JRE version: OpenJDK Runtime Environment Temurin-21.0.9+10 (21.0.9+10) (build 21.0.9+10-LTS)
# Java VM: OpenJDK 64-Bit Server VM Temurin-21.0.9+10 (21.0.9+10-LTS, mixed mode, sharing, tiered, compressed oops, compressed class ptrs, parallel gc, windows-amd64)
GC Precious Log:
 CardTable entry size: 512
 CPUs: 4 total, 4 available
 Memory: 8045M
 Large Page Support: Disabled
 NUMA Support: Disabled
 Compressed Oops: Enabled (32-bit)
 Alignments: Space 512K, Generation 512K, Heap 2M
 Heap Min Capacity: 100M
 Heap Initial Capacity: 100M
 Heap Max Capacity: 2G
 Pre-touch: Disabled
 Parallel Workers: 4
Heap:
 PSYoungGen      total 2048K, used 333K [0x00000000d5580000, 0x00000000d5800000, 0x0000000100000000)
  eden space 1024K, 23% used [0x00000000d5580000,0x00000000d55bb498,0x00000000d5680000)
  from space 1024K, 9% used [0x00000000d5680000,0x00000000d5698000,0x00000000d5780000)
  to   space 512K, 0% used [0x00000000d5780000,0x00000000d5780000,0x00000000d5800000)
 ParOldGen       total 643584K, used 643398K [0x0000000080000000, 0x00000000a7480000, 0x00000000d5580000)
  object space 643584K, 99% used [0x0000000080000000,0x00000000a7451b90,0x00000000a7480000)
 Metaspace       used 75335K, committed 76864K, reserved 1179648K
  class space    used 7760K, committed 8448K, reserved 1048576K
GC Heap History (20 events):
Event: 377.565 GC heap before
{Heap before GC invocations=2152 (full 4):
 PSYoungGen      total 3072K, used 3072K [0x00000000d5580000, 0x00000000d5b00000, 0x0000000100000000)
  eden space 1536K, 100% used [0x00000000d5580000,0x00000000d5700000,0x00000000d5700000)
  from space 1536K, 100% used [0x00000000d5780000,0x00000000d5900000,0x00000000d5900000)
  to   space 2048K, 0% used [0x00000000d5900000,0x00000000d5900000,0x00000000d5b00000)
 ParOldGen       total 634880K, used 634648K [0x0000000080000000, 0x00000000a6c00000, 0x00000000d5580000)
  object space 634880K, 99% used [0x0000000080000000,0x00000000a6bc6320,0x00000000a6c00000)
 Metaspace       used 75238K, committed 76800K, reserved 1179648K
  class space    used 7748K, committed 8448K, reserved 1048576K
}
Event: 377.571 GC heap after
{Heap after GC invocations=2152 (full 4):
 PSYoungGen      total 3072K, used 1472K [0x00000000d5580000, 0x00000000d5a80000, 0x0000000100000000)
  eden space 1536K, 0% used [0x00000000d5580000,0x00000000d5580000,0x00000000d5700000)
  from space 1536K, 95% used [0x00000000d5900000,0x00000000d5a70000,0x00000000d5a80000)
  to   space 1536K, 0% used [0x00000000d5780000,0x00000000d5780000,0x00000000d5900000)
 ParOldGen       total 636416K, used 636117K [0x0000000080000000, 0x00000000a6d80000, 0x00000000d5580000)
  object space 636416K, 99% used [0x0000000080000000,0x00000000a6d35490,0x00000000a6d80000)
 Metaspace       used 75238K, committed 76800K, reserved 1179648K
  class space    used 7748K, committed 8448K, reserved 1048576K
}
Event: 377.590 GC heap before
{Heap before GC invocations=2153 (full 4):
 PSYoungGen      total 3072K, used 3008K [0x00000000d5580000, 0x00000000d5a80000, 0x0000000100000000)
  eden space 1536K, 100% used [0x00000000d5580000,0x00000000d5700000,0x00000000d5700000)
  from space 1536K, 95% used [0x00000000d5900000,0x00000000d5a70000,0x00000000d5a80000)
  to   space 1536K, 0% used [0x00000000d5780000,0x00000000d5780000,0x00000000d5900000)
 ParOldGen       total 636416K, used 636117K [0x0000000080000000, 0x00000000a6d80000, 0x00000000d5580000)
  object space 636416K, 99% used [0x0000000080000000,0x00000000a6d35490,0x00000000a6d80000)
 Metaspace       used 75253K, committed 76800K, reserved 1179648K
  class space    used 7748K, committed 8448K, reserved 1048576K
}
Event: 377.599 GC heap after
{Heap after GC invocations=2153 (full 4):
 PSYoungGen      total 3072K, used 1376K [0x00000000d5580000, 0x00000000d5a00000, 0x0000000100000000)
  eden space 1536K, 0% used [0x00000000d5580000,0x00000000d5580000,0x00000000d5700000)
  from space 1536K, 89% used [0x00000000d5780000,0x00000000d58d8000,0x00000000d5900000)
  to   space 1024K, 0% used [0x00000000d5900000,0x00000000d5900000,0x00000000d5a00000)
 ParOldGen       total 637952K, used 637549K [0x0000000080000000, 0x00000000a6f00000, 0x00000000d5580000)
  object space 637952K, 99% used [0x0000000080000000,0x00000000a6e9b570,0x00000000a6f00000)
 Metaspace       used 75253K, committed 76800K, reserved 1179648K
  class space    used 7748K, committed 8448K, reserved 1048576K
}
Event: 377.620 GC heap before
{Heap before GC invocations=2154 (full 4):
 PSYoungGen      total 3072K, used 2912K [0x00000000d5580000, 0x00000000d5a00000, 0x0000000100000000)
  eden space 1536K, 100% used [0x00000000d5580000,0x00000000d5700000,0x00000000d5700000)
  from space 1536K, 89% used [0x00000000d5780000,0x00000000d58d8000,0x00000000d5900000)
  to   space 1024K, 0% used [0x00000000d5900000,0x00000000d5900000,0x00000000d5a00000)
 ParOldGen       total 637952K, used 637549K [0x0000000080000000, 0x00000000a6f00000, 0x00000000d5580000)
  object space 637952K, 99% used [0x0000000080000000,0x00000000a6e9b570,0x00000000a6f00000)
 Metaspace       used 75253K, committed 76800K, reserved 1179648K
  class space    used 7748K, committed 8448K, reserved 1048576K
}
Event: 377.627 GC heap after
{Heap after GC invocations=2154 (full 4):
 PSYoungGen      total 1536K, used 1024K [0x00000000d5580000, 0x00000000d5d00000, 0x0000000100000000)
  eden space 512K, 0% used [0x00000000d5580000,0x00000000d5580000,0x00000000d5600000)
  from space 1024K, 100% used [0x00000000d5900000,0x00000000d5a00000,0x00000000d5a00000)
  to   space 3072K, 0% used [0x00000000d5600000,0x00000000d5600000,0x00000000d5900000)
 ParOldGen       total 639488K, used 639256K [0x0000000080000000, 0x00000000a7080000, 0x00000000d5580000)
  object space 639488K, 99% used [0x0000000080000000,0x00000000a70463c0,0x00000000a7080000)
 Metaspace       used 75253K, committed 76800K, reserved 1179648K
  class space    used 7748K, committed 8448K, reserved 1048576K
}
Event: 377.634 GC heap before
{Heap before GC invocations=2155 (full 4):
 PSYoungGen      total 1536K, used 1536K [0x00000000d5580000, 0x00000000d5d00000, 0x0000000100000000)
  eden space 512K, 100% used [0x00000000d5580000,0x00000000d5600000,0x00000000d5600000)
  from space 1024K, 100% used [0x00000000d5900000,0x00000000d5a00000,0x00000000d5a00000)
  to   space 3072K, 0% used [0x00000000d5600000,0x00000000d5600000,0x00000000d5900000)
 ParOldGen       total 639488K, used 639256K [0x0000000080000000, 0x00000000a7080000, 0x00000000d5580000)
  object space 639488K, 99% used [0x0000000080000000,0x00000000a70463c0,0x00000000a7080000)
 Metaspace       used 75254K, committed 76800K, reserved 1179648K
  class space    used 7748K, committed 8448K, reserved 1048576K
}
Event: 377.638 GC heap after
{Heap after GC invocations=2155 (full 4):
 PSYoungGen      total 1024K, used 128K [0x00000000d5580000, 0x00000000d5980000, 0x0000000100000000)
  eden space 512K, 0% used [0x00000000d5580000,0x00000000d5580000,0x00000000d5600000)
  from space 512K, 25% used [0x00000000d5600000,0x00000000d5620000,0x00000000d5680000)
  to   space 1536K, 0% used [0x00000000d5800000,0x00000000d5800000,0x00000000d5980000)
 ParOldGen       total 640512K, used 640307K [0x0000000080000000, 0x00000000a7180000, 0x00000000d5580000)
  object space 640512K, 99% used [0x0000000080000000,0x00000000a714cf58,0x00000000a7180000)
 Metaspace       used 75254K, committed 76800K, reserved 1179648K
  class space    used 7748K, committed 8448K, reserved 1048576K
}
Event: 377.673 GC heap before
{Heap before GC invocations=2156 (full 4):
 PSYoungGen      total 1024K, used 639K [0x00000000d5580000, 0x00000000d5980000, 0x0000000100000000)
  eden space 512K, 99% used [0x00000000d5580000,0x00000000d55fffe8,0x00000000d5600000)
  from space 512K, 25% used [0x00000000d5600000,0x00000000d5620000,0x00000000d5680000)
  to   space 1536K, 0% used [0x00000000d5800000,0x00000000d5800000,0x00000000d5980000)
 ParOldGen       total 640512K, used 640307K [0x0000000080000000, 0x00000000a7180000, 0x00000000d5580000)
  object space 640512K, 99% used [0x0000000080000000,0x00000000a714cf58,0x00000000a7180000)
 Metaspace       used 75255K, committed 76800K, reserved 1179648K
  class space    used 7748K, committed 8448K, reserved 1048576K
}
Event: 377.678 GC heap after
{Heap after GC invocations=2156 (full 4):
 PSYoungGen      total 1536K, used 448K [0x00000000d5580000, 0x00000000d5880000, 0x0000000100000000)
  eden space 1024K, 0% used [0x00000000d5580000,0x00000000d5580000,0x00000000d5680000)
  from space 512K, 87% used [0x00000000d5800000,0x00000000d5870000,0x00000000d5880000)
  to   space 1024K, 0% used [0x00000000d5680000,0x00000000d5680000,0x00000000d5780000)
 ParOldGen       total 640512K, used 640371K [0x0000000080000000, 0x00000000a7180000, 0x00000000d5580000)
  object space 640512K, 99% used [0x0000000080000000,0x00000000a715cf58,0x00000000a7180000)
 Metaspace       used 75255K, committed 76800K, reserved 1179648K
  class space    used 7748K, committed 8448K, reserved 1048576K
}
Event: 377.700 GC heap before
{Heap before GC invocations=2157 (full 4):
 PSYoungGen      total 1536K, used 1471K [0x00000000d5580000, 0x00000000d5880000, 0x0000000100000000)
  eden space 1024K, 99% used [0x00000000d5580000,0x00000000d567ffc0,0x00000000d5680000)
  from space 512K, 87% used [0x00000000d5800000,0x00000000d5870000,0x00000000d5880000)
  to   space 1024K, 0% used [0x00000000d5680000,0x00000000d5680000,0x00000000d5780000)
 ParOldGen       total 640512K, used 640371K [0x0000000080000000, 0x00000000a7180000, 0x00000000d5580000)
  object space 640512K, 99% used [0x0000000080000000,0x00000000a715cf58,0x00000000a7180000)
 Metaspace       used 75255K, committed 76800K, reserved 1179648K
  class space    used 7748K, committed 8448K, reserved 1048576K
}
Event: 377.707 GC heap after
{Heap after GC invocations=2157 (full 4):
 PSYoungGen      total 2048K, used 640K [0x00000000d5580000, 0x00000000d5900000, 0x0000000100000000)
  eden space 1024K, 0% used [0x00000000d5580000,0x00000000d5580000,0x00000000d5680000)
  from space 1024K, 62% used [0x00000000d5680000,0x00000000d5720000,0x00000000d5780000)
  to   space 1024K, 0% used [0x00000000d5800000,0x00000000d5800000,0x00000000d5900000)
 ParOldGen       total 641024K, used 640733K [0x0000000080000000, 0x00000000a7200000, 0x00000000d5580000)
  object space 641024K, 99% used [0x0000000080000000,0x00000000a71b7590,0x00000000a7200000)
 Metaspace       used 75255K, committed 76800K, reserved 1179648K
  class space    used 7748K, committed 8448K, reserved 1048576K
}
Event: 377.822 GC heap before
{Heap before GC invocations=2158 (full 4):
 PSYoungGen      total 2048K, used 1664K [0x00000000d5580000, 0x00000000d5900000, 0x0000000100000000)
  eden space 1024K, 100% used [0x00000000d5580000,0x00000000d5680000,0x00000000d5680000)
  from space 1024K, 62% used [0x00000000d5680000,0x00000000d5720000,0x00000000d5780000)
  to   space 1024K, 0% used [0x00000000d5800000,0x00000000d5800000,0x00000000d5900000)
 ParOldGen       total 641024K, used 640733K [0x0000000080000000, 0x00000000a7200000, 0x00000000d5580000)
  object space 641024K, 99% used [0x0000000080000000,0x00000000a71b7590,0x00000000a7200000)
 Metaspace       used 75286K, committed 76864K, reserved 1179648K
  class space    used 7753K, committed 8448K, reserved 1048576K
}
Event: 377.825 GC heap after
{Heap after GC invocations=2158 (full 4):
 PSYoungGen      total 1536K, used 493K [0x00000000d5580000, 0x00000000d5880000, 0x0000000100000000)
  eden space 1024K, 0% used [0x00000000d5580000,0x00000000d5580000,0x00000000d5680000)
  from space 512K, 96% used [0x00000000d5800000,0x00000000d587b520,0x00000000d5880000)
  to   space 1024K, 0% used [0x00000000d5680000,0x00000000d5680000,0x00000000d5780000)
 ParOldGen       total 641536K, used 641348K [0x0000000080000000, 0x00000000a7280000, 0x00000000d5580000)
  object space 641536K, 99% used [0x0000000080000000,0x00000000a7251080,0x00000000a7280000)
 Metaspace       used 75286K, committed 76864K, reserved 1179648K
  class space    used 7753K, committed 8448K, reserved 1048576K
}
Event: 377.840 GC heap before
{Heap before GC invocations=2159 (full 4):
 PSYoungGen      total 1536K, used 1517K [0x00000000d5580000, 0x00000000d5880000, 0x0000000100000000)
  eden space 1024K, 100% used [0x00000000d5580000,0x00000000d5680000,0x00000000d5680000)
  from space 512K, 96% used [0x00000000d5800000,0x00000000d587b520,0x00000000d5880000)
  to   space 1024K, 0% used [0x00000000d5680000,0x00000000d5680000,0x00000000d5780000)
 ParOldGen       total 641536K, used 641348K [0x0000000080000000, 0x00000000a7280000, 0x00000000d5580000)
  object space 641536K, 99% used [0x0000000080000000,0x00000000a7251080,0x00000000a7280000)
 Metaspace       used 75286K, committed 76864K, reserved 1179648K
  class space    used 7753K, committed 8448K, reserved 1048576K
}
Event: 377.846 GC heap after
{Heap after GC invocations=2159 (full 4):
 PSYoungGen      total 2048K, used 928K [0x00000000d5580000, 0x00000000d5880000, 0x0000000100000000)
  eden space 1024K, 0% used [0x00000000d5580000,0x00000000d5580000,0x00000000d5680000)
  from space 1024K, 90% used [0x00000000d5680000,0x00000000d5768000,0x00000000d5780000)
  to   space 1024K, 0% used [0x00000000d5780000,0x00000000d5780000,0x00000000d5880000)
 ParOldGen       total 642048K, used 641769K [0x0000000080000000, 0x00000000a7300000, 0x00000000d5580000)
  object space 642048K, 99% used [0x0000000080000000,0x00000000a72ba5a0,0x00000000a7300000)
 Metaspace       used 75286K, committed 76864K, reserved 1179648K
  class space    used 7753K, committed 8448K, reserved 1048576K
}
Event: 420.782 GC heap before
{Heap before GC invocations=2160 (full 4):
 PSYoungGen      total 2048K, used 1951K [0x00000000d5580000, 0x00000000d5880000, 0x0000000100000000)
  eden space 1024K, 99% used [0x00000000d5580000,0x00000000d567ffe8,0x00000000d5680000)
  from space 1024K, 90% used [0x00000000d5680000,0x00000000d5768000,0x00000000d5780000)
  to   space 1024K, 0% used [0x00000000d5780000,0x00000000d5780000,0x00000000d5880000)
 ParOldGen       total 642048K, used 641769K [0x0000000080000000, 0x00000000a7300000, 0x00000000d5580000)
  object space 642048K, 99% used [0x0000000080000000,0x00000000a72ba5a0,0x00000000a7300000)
 Metaspace       used 75304K, committed 76864K, reserved 1179648K
  class space    used 7756K, committed 8448K, reserved 1048576K
}
Event: 420.787 GC heap after
{Heap after GC invocations=2160 (full 4):
 PSYoungGen      total 2048K, used 800K [0x00000000d5580000, 0x00000000d5880000, 0x0000000100000000)
  eden space 1024K, 0% used [0x00000000d5580000,0x00000000d5580000,0x00000000d5680000)
  from space 1024K, 78% used [0x00000000d5780000,0x00000000d5848000,0x00000000d5880000)
  to   space 1024K, 0% used [0x00000000d5680000,0x00000000d5680000,0x00000000d5780000)
 ParOldGen       total 643072K, used 642681K [0x0000000080000000, 0x00000000a7400000, 0x00000000d5580000)
  object space 643072K, 99% used [0x0000000080000000,0x00000000a739e410,0x00000000a7400000)
 Metaspace       used 75304K, committed 76864K, reserved 1179648K
  class space    used 7756K, committed 8448K, reserved 1048576K
}
Event: 535.018 GC heap before
{Heap before GC invocations=2161 (full 4):
 PSYoungGen      total 2048K, used 1824K [0x00000000d5580000, 0x00000000d5880000, 0x0000000100000000)
  eden space 1024K, 100% used [0x00000000d5580000,0x00000000d5680000,0x00000000d5680000)
  from space 1024K, 78% used [0x00000000d5780000,0x00000000d5848000,0x00000000d5880000)
  to   space 1024K, 0% used [0x00000000d5680000,0x00000000d5680000,0x00000000d5780000)
 ParOldGen       total 643072K, used 642681K [0x0000000080000000, 0x00000000a7400000, 0x00000000d5580000)
  object space 643072K, 99% used [0x0000000080000000,0x00000000a739e410,0x00000000a7400000)
 Metaspace       used 75322K, committed 76864K, reserved 1179648K
  class space    used 7758K, committed 8448K, reserved 1048576K
}
Event: 535.027 GC heap after
{Heap after GC invocations=2161 (full 4):
 PSYoungGen      total 2048K, used 96K [0x00000000d5580000, 0x00000000d5800000, 0x0000000100000000)
  eden space 1024K, 0% used [0x00000000d5580000,0x00000000d5580000,0x00000000d5680000)
  from space 1024K, 9% used [0x00000000d5680000,0x00000000d5698000,0x00000000d5780000)
  to   space 512K, 0% used [0x00000000d5780000,0x00000000d5780000,0x00000000d5800000)
 ParOldGen       total 643584K, used 643398K [0x0000000080000000, 0x00000000a7480000, 0x00000000d5580000)
  object space 643584K, 99% used [0x0000000080000000,0x00000000a7451b90,0x00000000a7480000)
 Metaspace       used 75322K, committed 76864K, reserved 1179648K
  class space    used 7758K, committed 8448K, reserved 1048576K
}

